[debug] [2025-10-30T17:29:09.215Z] ----------------------------------------------------------------------
[debug] [2025-10-30T17:29:09.232Z] Command:       C:\Program Files\nodejs\node.exe C:\Users\yashi\AppData\Roaming\npm\node_modules\firebase-tools\lib\bin\firebase.js init
[debug] [2025-10-30T17:29:09.233Z] CLI Version:   14.22.0
[debug] [2025-10-30T17:29:09.234Z] Platform:      win32
[debug] [2025-10-30T17:29:09.234Z] Node Version:  v24.11.0
[debug] [2025-10-30T17:29:09.234Z] Time:          Thu Oct 30 2025 22:59:09 GMT+0530 (India Standard Time)
[debug] [2025-10-30T17:29:09.234Z] ----------------------------------------------------------------------
[debug] 
[info] 
     ######## #### ########  ######## ########     ###     ######  ########
     ##        ##  ##     ## ##       ##     ##  ##   ##  ##       ##
     ######    ##  ########  ######   ########  #########  ######  ######
     ##        ##  ##    ##  ##       ##     ## ##     ##       ## ##
     ##       #### ##     ## ######## ########  ##     ##  ######  ########

You're about to initialize a Firebase project in this directory:

  F:\GC Update

[info] 
=== Project Setup
[info] 
[info] First, let's associate this project directory with a Firebase project.
[info] You can create multiple project aliases by running firebase use --add, 
[info] 
[debug] [2025-10-30T17:31:40.923Z] > command requires scopes: ["email","openid","https://www.googleapis.com/auth/cloudplatformprojects.readonly","https://www.googleapis.com/auth/firebase","https://www.googleapis.com/auth/cloud-platform"]
[debug] [2025-10-30T17:31:40.923Z] > authorizing via signed-in user (yashimamdar@gmail.com)
[debug] [2025-10-30T17:31:40.925Z] Checked if tokens are valid: false, expires at: 1761770184655
[debug] [2025-10-30T17:31:40.925Z] Checked if tokens are valid: false, expires at: 1761770184655
[debug] [2025-10-30T17:31:40.925Z] > refreshing access token with scopes: []
[debug] [2025-10-30T17:31:40.928Z] >>> [apiv2][query] POST https://www.googleapis.com/oauth2/v3/token [none]
[debug] [2025-10-30T17:31:40.928Z] >>> [apiv2][body] POST https://www.googleapis.com/oauth2/v3/token [omitted]
[debug] [2025-10-30T17:31:41.771Z] <<< [apiv2][status] POST https://www.googleapis.com/oauth2/v3/token 200
[debug] [2025-10-30T17:31:41.772Z] <<< [apiv2][body] POST https://www.googleapis.com/oauth2/v3/token [omitted]
[debug] [2025-10-30T17:31:41.789Z] >>> [apiv2][query] GET https://firebase.googleapis.com/v1beta1/projects/agro-dashboard [none]
[debug] [2025-10-30T17:31:42.652Z] <<< [apiv2][status] GET https://firebase.googleapis.com/v1beta1/projects/agro-dashboard 200
[debug] [2025-10-30T17:31:42.652Z] <<< [apiv2][body] GET https://firebase.googleapis.com/v1beta1/projects/agro-dashboard {"projectId":"agro-dashboard","projectNumber":"836075540935","displayName":"agro-dashboard","name":"projects/agro-dashboard","resources":{"hostingSite":"agro-dashboard"},"state":"ACTIVE","etag":"1_5566476d-d710-4aba-bfc1-43501736488f"}
[info] i  Using project agro-dashboard (agro-dashboard) . 
[info] 
=== Firestore Setup
[info] i  firestore: ensuring required API firestore.googleapis.com is enabled... 
[debug] [2025-10-30T17:31:42.691Z] Checked if tokens are valid: true, expires at: 1761849100772
[debug] [2025-10-30T17:31:42.691Z] Checked if tokens are valid: true, expires at: 1761849100772
[debug] [2025-10-30T17:31:42.691Z] >>> [apiv2][query] GET https://serviceusage.googleapis.com/v1/projects/agro-dashboard/services/firestore.googleapis.com [none]
[debug] [2025-10-30T17:31:42.691Z] >>> [apiv2][(partial)header] GET https://serviceusage.googleapis.com/v1/projects/agro-dashboard/services/firestore.googleapis.com x-goog-quota-user=projects/agro-dashboard
[debug] [2025-10-30T17:31:44.823Z] <<< [apiv2][status] GET https://serviceusage.googleapis.com/v1/projects/agro-dashboard/services/firestore.googleapis.com 200
[debug] [2025-10-30T17:31:44.824Z] <<< [apiv2][body] GET https://serviceusage.googleapis.com/v1/projects/agro-dashboard/services/firestore.googleapis.com [omitted]
[warn] !  firestore: missing required API firestore.googleapis.com. Enabling now... 
[debug] [2025-10-30T17:31:44.825Z] Checked if tokens are valid: true, expires at: 1761849100772
[debug] [2025-10-30T17:31:44.825Z] Checked if tokens are valid: true, expires at: 1761849100772
[debug] [2025-10-30T17:31:44.825Z] >>> [apiv2][query] POST https://serviceusage.googleapis.com/v1/projects/agro-dashboard/services/firestore.googleapis.com:enable [none]
[debug] [2025-10-30T17:31:44.825Z] >>> [apiv2][(partial)header] POST https://serviceusage.googleapis.com/v1/projects/agro-dashboard/services/firestore.googleapis.com:enable x-goog-quota-user=projects/agro-dashboard
[debug] [2025-10-30T17:31:46.897Z] <<< [apiv2][status] POST https://serviceusage.googleapis.com/v1/projects/agro-dashboard/services/firestore.googleapis.com:enable 200
[debug] [2025-10-30T17:31:46.897Z] <<< [apiv2][body] POST https://serviceusage.googleapis.com/v1/projects/agro-dashboard/services/firestore.googleapis.com:enable [omitted]
[debug] [2025-10-30T17:31:56.944Z] Checked if tokens are valid: true, expires at: 1761849100772
[debug] [2025-10-30T17:31:56.944Z] Checked if tokens are valid: true, expires at: 1761849100772
[debug] [2025-10-30T17:31:56.944Z] >>> [apiv2][query] GET https://firestore.googleapis.com/v1/projects/agro-dashboard/databases [none]
[debug] [2025-10-30T17:31:58.195Z] <<< [apiv2][status] GET https://firestore.googleapis.com/v1/projects/agro-dashboard/databases 200
[debug] [2025-10-30T17:31:58.196Z] <<< [apiv2][body] GET https://firestore.googleapis.com/v1/projects/agro-dashboard/databases {}
[debug] [2025-10-30T17:31:58.196Z] Checked if tokens are valid: true, expires at: 1761849100772
[debug] [2025-10-30T17:31:58.196Z] Checked if tokens are valid: true, expires at: 1761849100772
[debug] [2025-10-30T17:31:58.196Z] >>> [apiv2][query] GET https://firestore.googleapis.com/v1/projects/agro-dashboard/locations [none]
[debug] [2025-10-30T17:31:58.406Z] <<< [apiv2][status] GET https://firestore.googleapis.com/v1/projects/agro-dashboard/locations 200
[debug] [2025-10-30T17:31:58.406Z] <<< [apiv2][body] GET https://firestore.googleapis.com/v1/projects/agro-dashboard/locations {"locations":[{"name":"projects/agro-dashboard/locations/eur3","labels":{"appengine.googleapis.com/geo":"europe-west","cloud.googleapis.com/location":"eur3","cloud.googleapis.com/geo":"eur3"},"metadata":{"@type":"type.googleapis.com/google.firestore.admin.v1.LocationMetadata"},"locationId":"eur3","displayName":"Europe"},{"name":"projects/agro-dashboard/locations/nam5","labels":{"appengine.googleapis.com/geo":"us-central","cloud.googleapis.com/location":"nam5","cloud.googleapis.com/geo":"nam5"},"metadata":{"@type":"type.googleapis.com/google.firestore.admin.v1.LocationMetadata"},"locationId":"nam5","displayName":"United States"},{"name":"projects/agro-dashboard/locations/nam7","labels":{"cloud.googleapis.com/location":"nam7","cloud.googleapis.com/geo":"nam7"},"metadata":{"@type":"type.googleapis.com/google.firestore.admin.v1.LocationMetadata"},"locationId":"nam7","displayName":"United States"},{"name":"projects/agro-dashboard/locations/africa-south1","labels":{"cloud.googleapis.com/location":"africa-south1","cloud.googleapis.com/region":"africa-south1"},"metadata":{"@type":"type.googleapis.com/google.firestore.admin.v1.LocationMetadata"},"locationId":"africa-south1","displayName":"Johannesburg"},{"name":"projects/agro-dashboard/locations/asia-east1","labels":{"appengine.googleapis.com/region":"asia-east1","cloud.googleapis.com/location":"asia-east1","cloud.googleapis.com/region":"asia-east1"},"metadata":{"@type":"type.googleapis.com/google.firestore.admin.v1.LocationMetadata"},"locationId":"asia-east1","displayName":"Taiwan"},{"name":"projects/agro-dashboard/locations/asia-east2","labels":{"appengine.googleapis.com/region":"asia-east2","cloud.googleapis.com/location":"asia-east2","cloud.googleapis.com/region":"asia-east2"},"metadata":{"@type":"type.googleapis.com/google.firestore.admin.v1.LocationMetadata"},"locationId":"asia-east2","displayName":"Hong Kong"},{"name":"projects/agro-dashboard/locations/asia-northeast1","labels":{"appengine.googleapis.com/region":"asia-northeast1","cloud.googleapis.com/location":"asia-northeast1","cloud.googleapis.com/region":"asia-northeast1"},"metadata":{"@type":"type.googleapis.com/google.firestore.admin.v1.LocationMetadata"},"locationId":"asia-northeast1","displayName":"Tokyo"},{"name":"projects/agro-dashboard/locations/asia-northeast2","labels":{"appengine.googleapis.com/region":"asia-northeast2","cloud.googleapis.com/location":"asia-northeast2","cloud.googleapis.com/region":"asia-northeast2"},"metadata":{"@type":"type.googleapis.com/google.firestore.admin.v1.LocationMetadata"},"locationId":"asia-northeast2","displayName":"Osaka"},{"name":"projects/agro-dashboard/locations/asia-northeast3","labels":{"appengine.googleapis.com/region":"asia-northeast3","cloud.googleapis.com/location":"asia-northeast3","cloud.googleapis.com/region":"asia-northeast3"},"metadata":{"@type":"type.googleapis.com/google.firestore.admin.v1.LocationMetadata"},"locationId":"asia-northeast3","displayName":"Seoul"},{"name":"projects/agro-dashboard/locations/asia-south1","labels":{"appengine.googleapis.com/region":"asia-south1","cloud.googleapis.com/location":"asia-south1","cloud.googleapis.com/region":"asia-south1"},"metadata":{"@type":"type.googleapis.com/google.firestore.admin.v1.LocationMetadata"},"locationId":"asia-south1","displayName":"Mumbai"},{"name":"projects/agro-dashboard/locations/asia-south2","labels":{"cloud.googleapis.com/location":"asia-south2","cloud.googleapis.com/region":"asia-south2"},"metadata":{"@type":"type.googleapis.com/google.firestore.admin.v1.LocationMetadata"},"locationId":"asia-south2","displayName":"Delhi"},{"name":"projects/agro-dashboard/locations/asia-southeast1","labels":{"appengine.googleapis.com/region":"asia-southeast1","cloud.googleapis.com/location":"asia-southeast1","cloud.googleapis.com/region":"asia-southeast1"},"metadata":{"@type":"type.googleapis.com/google.firestore.admin.v1.LocationMetadata"},"locationId":"asia-southeast1","displayName":"Singapore"},{"name":"projects/agro-dashboard/locations/asia-southeast2","labels":{"appengine.googleapis.com/region":"asia-southeast2","cloud.googleapis.com/location":"asia-southeast2","cloud.googleapis.com/region":"asia-southeast2"},"metadata":{"@type":"type.googleapis.com/google.firestore.admin.v1.LocationMetadata"},"locationId":"asia-southeast2","displayName":"Jakarta"},{"name":"projects/agro-dashboard/locations/australia-southeast1","labels":{"appengine.googleapis.com/region":"australia-southeast1","cloud.googleapis.com/location":"australia-southeast1","cloud.googleapis.com/region":"australia-southeast1"},"metadata":{"@type":"type.googleapis.com/google.firestore.admin.v1.LocationMetadata"},"locationId":"australia-southeast1","displayName":"Sydney"},{"name":"projects/agro-dashboard/locations/australia-southeast2","labels":{"cloud.googleapis.com/location":"australia-southeast2","cloud.googleapis.com/region":"australia-southeast2"},"metadata":{"@type":"type.googleapis.com/google.firestore.admin.v1.LocationMetadata"},"locationId":"australia-southeast2","displayName":"Melbourne"},{"name":"projects/agro-dashboard/locations/europe-central2","labels":{"appengine.googleapis.com/region":"europe-central2","cloud.googleapis.com/location":"europe-central2","cloud.googleapis.com/region":"europe-central2"},"metadata":{"@type":"type.googleapis.com/google.firestore.admin.v1.LocationMetadata"},"locationId":"europe-central2","displayName":"Warsaw"},{"name":"projects/agro-dashboard/locations/europe-north1","labels":{"cloud.googleapis.com/location":"europe-north1","cloud.googleapis.com/region":"europe-north1"},"metadata":{"@type":"type.googleapis.com/google.firestore.admin.v1.LocationMetadata"},"locationId":"europe-north1","displayName":"Finland"},{"name":"projects/agro-dashboard/locations/europe-north2","labels":{"cloud.googleapis.com/location":"europe-north2","cloud.googleapis.com/region":"europe-north2"},"metadata":{"@type":"type.googleapis.com/google.firestore.admin.v1.LocationMetadata"},"locationId":"europe-north2","displayName":"Stockholm"},{"name":"projects/agro-dashboard/locations/europe-southwest1","labels":{"cloud.googleapis.com/location":"europe-southwest1","cloud.googleapis.com/region":"europe-southwest1"},"metadata":{"@type":"type.googleapis.com/google.firestore.admin.v1.LocationMetadata"},"locationId":"europe-southwest1","displayName":"Madrid"},{"name":"projects/agro-dashboard/locations/europe-west1","labels":{"cloud.googleapis.com/location":"europe-west1","cloud.googleapis.com/region":"europe-west1"},"metadata":{"@type":"type.googleapis.com/google.firestore.admin.v1.LocationMetadata"},"locationId":"europe-west1","displayName":"Belgium"},{"name":"projects/agro-dashboard/locations/europe-west10","labels":{"cloud.googleapis.com/location":"europe-west10","cloud.googleapis.com/region":"europe-west10"},"metadata":{"@type":"type.googleapis.com/google.firestore.admin.v1.LocationMetadata"},"locationId":"europe-west10","displayName":"Berlin"},{"name":"projects/agro-dashboard/locations/europe-west12","labels":{"cloud.googleapis.com/location":"europe-west12","cloud.googleapis.com/region":"europe-west12"},"metadata":{"@type":"type.googleapis.com/google.firestore.admin.v1.LocationMetadata"},"locationId":"europe-west12","displayName":"Turin"},{"name":"projects/agro-dashboard/locations/europe-west2","labels":{"appengine.googleapis.com/region":"europe-west2","cloud.googleapis.com/location":"europe-west2","cloud.googleapis.com/region":"europe-west2"},"metadata":{"@type":"type.googleapis.com/google.firestore.admin.v1.LocationMetadata"},"locationId":"europe-west2","displayName":"London"},{"name":"projects/agro-dashboard/locations/europe-west3","labels":{"appengine.googleapis.com/region":"europe-west3","cloud.googleapis.com/location":"europe-west3","cloud.googleapis.com/region":"europe-west3"},"metadata":{"@type":"type.googleapis.com/google.firestore.admin.v1.LocationMetadata"},"locationId":"europe-west3","displayName":"Frankfurt"},{"name":"projects/agro-dashboard/locations/europe-west4","labels":{"cloud.googleapis.com/location":"europe-west4","cloud.googleapis.com/region":"europe-west4"},"metadata":{"@type":"type.googleapis.com/google.firestore.admin.v1.LocationMetadata"},"locationId":"europe-west4","displayName":"Netherlands"},{"name":"projects/agro-dashboard/locations/europe-west6","labels":{"appengine.googleapis.com/region":"europe-west6","cloud.googleapis.com/location":"europe-west6","cloud.googleapis.com/region":"europe-west6"},"metadata":{"@type":"type.googleapis.com/google.firestore.admin.v1.LocationMetadata"},"locationId":"europe-west6","displayName":"Zurich"},{"name":"projects/agro-dashboard/locations/europe-west8","labels":{"cloud.googleapis.com/location":"europe-west8","cloud.googleapis.com/region":"europe-west8"},"metadata":{"@type":"type.googleapis.com/google.firestore.admin.v1.LocationMetadata"},"locationId":"europe-west8","displayName":"Milan"},{"name":"projects/agro-dashboard/locations/europe-west9","labels":{"cloud.googleapis.com/location":"europe-west9","cloud.googleapis.com/region":"europe-west9"},"metadata":{"@type":"type.googleapis.com/google.firestore.admin.v1.LocationMetadata"},"locationId":"europe-west9","displayName":"Paris"},{"name":"projects/agro-dashboard/locations/me-central1","labels":{"cloud.googleapis.com/location":"me-central1","cloud.googleapis.com/region":"me-central1"},"metadata":{"@type":"type.googleapis.com/google.firestore.admin.v1.LocationMetadata"},"locationId":"me-central1","displayName":"Doha"},{"name":"projects/agro-dashboard/locations/me-central2","labels":{"cloud.googleapis.com/location":"me-central2","cloud.googleapis.com/region":"me-central2"},"metadata":{"@type":"type.googleapis.com/google.firestore.admin.v1.LocationMetadata"},"locationId":"me-central2","displayName":"Dammam"},{"name":"projects/agro-dashboard/locations/me-west1","labels":{"cloud.googleapis.com/location":"me-west1","cloud.googleapis.com/region":"me-west1"},"metadata":{"@type":"type.googleapis.com/google.firestore.admin.v1.LocationMetadata"},"locationId":"me-west1","displayName":"Tel Aviv"},{"name":"projects/agro-dashboard/locations/northamerica-northeast1","labels":{"appengine.googleapis.com/region":"northamerica-northeast1","cloud.googleapis.com/location":"northamerica-northeast1","cloud.googleapis.com/region":"northamerica-northeast1"},"metadata":{"@type":"type.googleapis.com/google.firestore.admin.v1.LocationMetadata"},"locationId":"northamerica-northeast1","displayName":"Montréal"},{"name":"projects/agro-dashboard/locations/northamerica-northeast2","labels":{"cloud.googleapis.com/location":"northamerica-northeast2","cloud.googleapis.com/region":"northamerica-northeast2"},"metadata":{"@type":"type.googleapis.com/google.firestore.admin.v1.LocationMetadata"},"locationId":"northamerica-northeast2","displayName":"Toronto"},{"name":"projects/agro-dashboard/locations/northamerica-south1","labels":{"cloud.googleapis.com/location":"northamerica-south1","cloud.googleapis.com/region":"northamerica-south1"},"metadata":{"@type":"type.googleapis.com/google.firestore.admin.v1.LocationMetadata"},"locationId":"northamerica-south1","displayName":"Mexico"},{"name":"projects/agro-dashboard/locations/southamerica-east1","labels":{"appengine.googleapis.com/region":"southamerica-east1","cloud.googleapis.com/location":"southamerica-east1","cloud.googleapis.com/region":"southamerica-east1"},"metadata":{"@type":"type.googleapis.com/google.firestore.admin.v1.LocationMetadata"},"locationId":"southamerica-east1","displayName":"São Paulo"},{"name":"projects/agro-dashboard/locations/southamerica-west1","labels":{"cloud.googleapis.com/location":"southamerica-west1","cloud.googleapis.com/region":"southamerica-west1"},"metadata":{"@type":"type.googleapis.com/google.firestore.admin.v1.LocationMetadata"},"locationId":"southamerica-west1","displayName":"Santiago"},{"name":"projects/agro-dashboard/locations/us-central1","labels":{"cloud.googleapis.com/location":"us-central1","cloud.googleapis.com/region":"us-central1"},"metadata":{"@type":"type.googleapis.com/google.firestore.admin.v1.LocationMetadata"},"locationId":"us-central1","displayName":"Iowa"},{"name":"projects/agro-dashboard/locations/us-east1","labels":{"appengine.googleapis.com/region":"us-east1","cloud.googleapis.com/location":"us-east1","cloud.googleapis.com/region":"us-east1"},"metadata":{"@type":"type.googleapis.com/google.firestore.admin.v1.LocationMetadata"},"locationId":"us-east1","displayName":"South Carolina"},{"name":"projects/agro-dashboard/locations/us-east4","labels":{"appengine.googleapis.com/region":"us-east4","cloud.googleapis.com/location":"us-east4","cloud.googleapis.com/region":"us-east4"},"metadata":{"@type":"type.googleapis.com/google.firestore.admin.v1.LocationMetadata"},"locationId":"us-east4","displayName":"Northern Virginia"},{"name":"projects/agro-dashboard/locations/us-east5","labels":{"cloud.googleapis.com/location":"us-east5","cloud.googleapis.com/region":"us-east5"},"metadata":{"@type":"type.googleapis.com/google.firestore.admin.v1.LocationMetadata"},"locationId":"us-east5","displayName":"Columbus"},{"name":"projects/agro-dashboard/locations/us-south1","labels":{"cloud.googleapis.com/location":"us-south1","cloud.googleapis.com/region":"us-south1"},"metadata":{"@type":"type.googleapis.com/google.firestore.admin.v1.LocationMetadata"},"locationId":"us-south1","displayName":"Dallas"},{"name":"projects/agro-dashboard/locations/us-west1","labels":{"appengine.googleapis.com/region":"us-west1","cloud.googleapis.com/location":"us-west1","cloud.googleapis.com/region":"us-west1"},"metadata":{"@type":"type.googleapis.com/google.firestore.admin.v1.LocationMetadata"},"locationId":"us-west1","displayName":"Oregon"},{"name":"projects/agro-dashboard/locations/us-west2","labels":{"appengine.googleapis.com/region":"us-west2","cloud.googleapis.com/location":"us-west2","cloud.googleapis.com/region":"us-west2"},"metadata":{"@type":"type.googleapis.com/google.firestore.admin.v1.LocationMetadata"},"locationId":"us-west2","displayName":"Los Angeles"},{"name":"projects/agro-dashboard/locations/us-west3","labels":{"appengine.googleapis.com/region":"us-west3","cloud.googleapis.com/location":"us-west3","cloud.googleapis.com/region":"us-west3"},"metadata":{"@type":"type.googleapis.com/google.firestore.admin.v1.LocationMetadata"},"locationId":"us-west3","displayName":"Salt Lake City"},{"name":"projects/agro-dashboard/locations/us-west4","labels":{"appengine.googleapis.com/region":"us-west4","cloud.googleapis.com/location":"us-west4","cloud.googleapis.com/region":"us-west4"},"metadata":{"@type":"type.googleapis.com/google.firestore.admin.v1.LocationMetadata"},"locationId":"us-west4","displayName":"Las Vegas"}]}
[info] 
[info] Firestore Security Rules allow you to define how and when to allow
[info] requests. You can keep these rules in your project directory
[info] and publish them with firebase deploy.
[info] 
[debug] [2025-10-30T17:33:42.432Z] Checked if tokens are valid: true, expires at: 1761849100772
[debug] [2025-10-30T17:33:42.432Z] Checked if tokens are valid: true, expires at: 1761849100772
[debug] [2025-10-30T17:33:42.433Z] >>> [apiv2][query] GET https://firebaserules.googleapis.com/v1/projects/agro-dashboard/releases pageSize=10&pageToken=
[debug] [2025-10-30T17:33:44.184Z] <<< [apiv2][status] GET https://firebaserules.googleapis.com/v1/projects/agro-dashboard/releases 200
[debug] [2025-10-30T17:33:44.184Z] <<< [apiv2][body] GET https://firebaserules.googleapis.com/v1/projects/agro-dashboard/releases {}
[info] 
[info] Firestore indexes allow you to perform complex queries while
[info] maintaining performance that scales with the size of the result
[info] set. You can keep index definitions in your project directory
[info] and publish them with firebase deploy.
[info] 
[debug] [2025-10-30T17:33:48.998Z] Checked if tokens are valid: true, expires at: 1761849100772
[debug] [2025-10-30T17:33:48.998Z] Checked if tokens are valid: true, expires at: 1761849100772
[debug] [2025-10-30T17:33:48.998Z] Checked if tokens are valid: true, expires at: 1761849100772
[debug] [2025-10-30T17:33:48.998Z] Checked if tokens are valid: true, expires at: 1761849100772
[debug] [2025-10-30T17:33:48.999Z] >>> [apiv2][query] GET https://firestore.googleapis.com/v1/projects/agro-dashboard/databases/(default)/collectionGroups/-/indexes [none]
[debug] [2025-10-30T17:33:49.001Z] >>> [apiv2][query] GET https://firestore.googleapis.com/v1/projects/agro-dashboard/databases/(default)/collectionGroups/-/fields?filter=indexConfig.usesAncestorConfig=false OR ttlConfig:* [none]
[debug] [2025-10-30T17:33:49.262Z] <<< [apiv2][status] GET https://firestore.googleapis.com/v1/projects/agro-dashboard/databases/(default)/collectionGroups/-/indexes 404
[debug] [2025-10-30T17:33:49.262Z] <<< [apiv2][body] GET https://firestore.googleapis.com/v1/projects/agro-dashboard/databases/(default)/collectionGroups/-/indexes {"error":{"code":404,"message":"Project 'agro-dashboard' or database '(default)' does not exist.","status":"NOT_FOUND"}}
[info] +  Wrote firestore.rules 
[info] +  Wrote firestore.indexes.json 
[info] 
=== Functions Setup
[debug] [2025-10-30T17:33:49.325Z] > command requires scopes: ["email","openid","https://www.googleapis.com/auth/cloudplatformprojects.readonly","https://www.googleapis.com/auth/firebase","https://www.googleapis.com/auth/cloud-platform"]
[debug] [2025-10-30T17:33:49.325Z] > authorizing via signed-in user (yashimamdar@gmail.com)
[debug] [2025-10-30T17:33:49.325Z] [iam] checking project agro-dashboard for permissions ["firebase.projects.get"]
[debug] [2025-10-30T17:33:49.326Z] Checked if tokens are valid: true, expires at: 1761849100772
[debug] [2025-10-30T17:33:49.326Z] Checked if tokens are valid: true, expires at: 1761849100772
[debug] [2025-10-30T17:33:49.326Z] >>> [apiv2][query] POST https://cloudresourcemanager.googleapis.com/v1/projects/agro-dashboard:testIamPermissions [none]
[debug] [2025-10-30T17:33:49.326Z] >>> [apiv2][(partial)header] POST https://cloudresourcemanager.googleapis.com/v1/projects/agro-dashboard:testIamPermissions x-goog-quota-user=projects/agro-dashboard
[debug] [2025-10-30T17:33:49.326Z] >>> [apiv2][body] POST https://cloudresourcemanager.googleapis.com/v1/projects/agro-dashboard:testIamPermissions {"permissions":["firebase.projects.get"]}
[debug] [2025-10-30T17:33:49.331Z] <<< [apiv2][status] GET https://firestore.googleapis.com/v1/projects/agro-dashboard/databases/(default)/collectionGroups/-/fields?filter=indexConfig.usesAncestorConfig=false OR ttlConfig:* 404
[debug] [2025-10-30T17:33:49.331Z] <<< [apiv2][body] GET https://firestore.googleapis.com/v1/projects/agro-dashboard/databases/(default)/collectionGroups/-/fields?filter=indexConfig.usesAncestorConfig=false OR ttlConfig:* {"error":{"code":404,"message":"Project 'agro-dashboard' or database '(default)' does not exist.","status":"NOT_FOUND"}}
[debug] [2025-10-30T17:33:51.148Z] <<< [apiv2][status] POST https://cloudresourcemanager.googleapis.com/v1/projects/agro-dashboard:testIamPermissions 200
[debug] [2025-10-30T17:33:51.148Z] <<< [apiv2][body] POST https://cloudresourcemanager.googleapis.com/v1/projects/agro-dashboard:testIamPermissions {"permissions":["firebase.projects.get"]}
[debug] [2025-10-30T17:33:51.159Z] Checked if tokens are valid: true, expires at: 1761849100772
[debug] [2025-10-30T17:33:51.159Z] Checked if tokens are valid: true, expires at: 1761849100772
[debug] [2025-10-30T17:33:51.160Z] Checked if tokens are valid: true, expires at: 1761849100772
[debug] [2025-10-30T17:33:51.160Z] Checked if tokens are valid: true, expires at: 1761849100772
[debug] [2025-10-30T17:33:51.160Z] >>> [apiv2][query] GET https://serviceusage.googleapis.com/v1/projects/agro-dashboard/services/cloudfunctions.googleapis.com [none]
[debug] [2025-10-30T17:33:51.160Z] >>> [apiv2][(partial)header] GET https://serviceusage.googleapis.com/v1/projects/agro-dashboard/services/cloudfunctions.googleapis.com x-goog-quota-user=projects/agro-dashboard
[debug] [2025-10-30T17:33:51.162Z] >>> [apiv2][query] GET https://serviceusage.googleapis.com/v1/projects/agro-dashboard/services/runtimeconfig.googleapis.com [none]
[debug] [2025-10-30T17:33:51.162Z] >>> [apiv2][(partial)header] GET https://serviceusage.googleapis.com/v1/projects/agro-dashboard/services/runtimeconfig.googleapis.com x-goog-quota-user=projects/agro-dashboard
[debug] [2025-10-30T17:33:52.890Z] <<< [apiv2][status] GET https://serviceusage.googleapis.com/v1/projects/agro-dashboard/services/runtimeconfig.googleapis.com 200
[debug] [2025-10-30T17:33:52.890Z] <<< [apiv2][body] GET https://serviceusage.googleapis.com/v1/projects/agro-dashboard/services/runtimeconfig.googleapis.com [omitted]
[debug] [2025-10-30T17:33:53.125Z] <<< [apiv2][status] GET https://serviceusage.googleapis.com/v1/projects/agro-dashboard/services/cloudfunctions.googleapis.com 200
[debug] [2025-10-30T17:33:53.125Z] <<< [apiv2][body] GET https://serviceusage.googleapis.com/v1/projects/agro-dashboard/services/cloudfunctions.googleapis.com [omitted]
[debug] [2025-10-30T17:33:53.125Z] Checked if tokens are valid: true, expires at: 1761849100772
[debug] [2025-10-30T17:33:53.125Z] Checked if tokens are valid: true, expires at: 1761849100772
[debug] [2025-10-30T17:33:53.125Z] >>> [apiv2][query] POST https://serviceusage.googleapis.com/v1/projects/agro-dashboard/services/cloudfunctions.googleapis.com:enable [none]
[debug] [2025-10-30T17:33:53.125Z] >>> [apiv2][(partial)header] POST https://serviceusage.googleapis.com/v1/projects/agro-dashboard/services/cloudfunctions.googleapis.com:enable x-goog-quota-user=projects/agro-dashboard
[debug] [2025-10-30T17:33:54.944Z] <<< [apiv2][status] POST https://serviceusage.googleapis.com/v1/projects/agro-dashboard/services/cloudfunctions.googleapis.com:enable 200
[debug] [2025-10-30T17:33:54.944Z] <<< [apiv2][body] POST https://serviceusage.googleapis.com/v1/projects/agro-dashboard/services/cloudfunctions.googleapis.com:enable [omitted]
[info] Let's create a new codebase for your functions.
[info] A directory corresponding to the codebase will be created in your project
[info] with sample code pre-configured.

[info] See https://firebase.google.com/docs/functions/organize-functions for
[info] more information on organizing your functions using codebases.

[info] Functions can be deployed with firebase deploy.

[info] +  Wrote functions/requirements.txt 
[info] +  Wrote functions/.gitignore 
[info] +  Wrote functions/main.py 
[debug] [2025-10-30T17:36:20.165Z] Running command with virtualenv: command="F:\GC Update\functions\venv\Scripts\activate.bat", args=["","&&","pip3","install","--upgrade","pip"]
[debug] [2025-10-30T17:36:28.963Z] Error: spawn "F:\GC Update\functions\venv\Scripts\activate.bat" ENOENT
    at notFoundError (C:\Users\yashi\AppData\Roaming\npm\node_modules\firebase-tools\node_modules\cross-spawn\lib\enoent.js:6:26)
    at verifyENOENT (C:\Users\yashi\AppData\Roaming\npm\node_modules\firebase-tools\node_modules\cross-spawn\lib\enoent.js:40:16)
    at cp.emit (C:\Users\yashi\AppData\Roaming\npm\node_modules\firebase-tools\node_modules\cross-spawn\lib\enoent.js:27:25)
    at ChildProcess._handle.onexit (node:internal/child_process:294:12)
[error] 
[error] Error: An unexpected error has occurred.
